<?xml version="1.0" encoding="UTF-8"?>
<!-- Generated by org.testng.reporters.JUnitXMLReporter -->
<testsuite hostname="YuvanSaarah" failures="0" tests="6" name="Surefire test" time="51.038" errors="0" timestamp="15 Dec 2024 15:34:15 GMT">
  <testcase classname="com.salesforce.tests.SalesforceUserMenuTest" name="@BeforeMethod beforeMethod" time="0.0">
    <failure type="java.lang.NullPointerException" message="Cannot invoke &amp;quot;com.salesforce.utilitypages.PropertyFileReader.getProperties(String)&amp;quot; because &amp;quot;this.properties&amp;quot; is null">
      <![CDATA[java.lang.NullPointerException: Cannot invoke "com.salesforce.utilitypages.PropertyFileReader.getProperties(String)" because "this.properties" is null
	at com.salesforce.basepages.BaseSalesforceTest.getBrowser(BaseSalesforceTest.java:39)
	at com.salesforce.tests.SalesforceUserMenuTest.beforeMethod(SalesforceUserMenuTest.java:35)
... Removed 31 stack frames]]>
    </failure>
  </testcase> <!-- @BeforeMethod beforeMethod -->
  <testcase classname="com.salesforce.tests.SalesforceUserMenuTest" name="@AfterMethod closeBrowser" time="0.0">
    <skipped/>
  </testcase> <!-- @AfterMethod closeBrowser -->
  <testcase classname="com.salesforce.tests.SalesforceLoginTest" name="Testcase02_LoginToSalesforce" time="4.303"/>
  <testcase classname="com.salesforce.tests.SalesforceLoginTest" name="Testcase01_LoginErrorMessage" time="3.319"/>
  <testcase classname="com.salesforce.tests.SalesforceLoginTest" name="Testcase03_CheckRememberMe" time="9.804"/>
  <testcase classname="com.salesforce.tests.SalesforceLoginTest" name="Testcase04_ForgotPassword" time="4.786"/>
  <testcase classname="com.salesforce.tests.SalesforceLoginTest" name="Testcase05_ValidateLoginErrorMessage" time="3.663"/>
  <testcase classname="com.salesforce.tests.SalesforceUserMenuTest" name="TestCase05" time="0.001">
    <skipped/>
  </testcase> <!-- TestCase05 -->
</testsuite> <!-- Surefire test -->
