<?xml version="1.0" encoding="UTF-8"?>
<!-- Generated by org.testng.reporters.JUnitXMLReporter -->
<testsuite ignored="0" hostname="YuvanSaarah" failures="1" tests="1" name="Login" time="7.621" errors="0" timestamp="2024-12-14T20:29:35 PST">
  <testcase classname="com.salesforce.tests.SalesforceUserMenuTest" name="TestCase05" time="0.04">
    <failure type="java.lang.NullPointerException" message="Cannot invoke &amp;quot;com.salesforce.tests.SalesforceLoginTest.Testcase02_LoginToSalesforce()&amp;quot; because &amp;quot;this.test&amp;quot; is null">
      <![CDATA[java.lang.NullPointerException: Cannot invoke "com.salesforce.tests.SalesforceLoginTest.Testcase02_LoginToSalesforce()" because "this.test" is null
at com.salesforce.tests.SalesforceUserMenuTest.TestCase05(SalesforceUserMenuTest.java:41)
at java.base/java.util.ArrayList.forEach(ArrayList.java:1511)
... Removed 27 stack frames]]>
    </failure>
  </testcase> <!-- TestCase05 -->
</testsuite> <!-- Login -->
