<?xml version="1.0" encoding="UTF-8"?>
<testng-results total="6" passed="5" failed="0" skipped="1">
  <reporter-output>
  </reporter-output>
  <suite started-at="2024-12-15T15:33:24Z" name="Surefire suite" finished-at="2024-12-15T15:34:15Z" duration-ms="51038">
    <groups>
    </groups>
    <test started-at="2024-12-15T15:33:24Z" name="Surefire test" finished-at="2024-12-15T15:34:15Z" duration-ms="51038">
      <class name="com.salesforce.tests.SalesforceLoginTest">
        <test-method is-config="true" signature="beforeMethod()[pri:0, instance:com.salesforce.tests.SalesforceLoginTest@12405818]" started-at="2024-12-15T07:33:24Z" name="beforeMethod" finished-at="2024-12-15T07:33:32Z" duration-ms="8111" status="PASS">
          <reporter-output>
          </reporter-output>
        </test-method> <!-- beforeMethod -->
        <test-method signature="Testcase02_LoginToSalesforce()[pri:1, instance:com.salesforce.tests.SalesforceLoginTest@12405818]" started-at="2024-12-15T07:33:32Z" name="Testcase02_LoginToSalesforce" description="Login Scenario with correct username and password." finished-at="2024-12-15T07:33:37Z" duration-ms="4303" status="PASS">
          <reporter-output>
          </reporter-output>
        </test-method> <!-- Testcase02_LoginToSalesforce -->
        <test-method is-config="true" signature="closeBrowser()[pri:0, instance:com.salesforce.tests.SalesforceLoginTest@12405818]" started-at="2024-12-15T07:33:37Z" name="closeBrowser" finished-at="2024-12-15T07:33:40Z" duration-ms="3332" status="PASS">
          <reporter-output>
          </reporter-output>
        </test-method> <!-- closeBrowser -->
        <test-method is-config="true" signature="beforeMethod()[pri:0, instance:com.salesforce.tests.SalesforceLoginTest@12405818]" started-at="2024-12-15T07:33:40Z" name="beforeMethod" finished-at="2024-12-15T07:33:42Z" duration-ms="2302" status="PASS">
          <reporter-output>
          </reporter-output>
        </test-method> <!-- beforeMethod -->
        <test-method signature="Testcase01_LoginErrorMessage()[pri:2, instance:com.salesforce.tests.SalesforceLoginTest@12405818]" started-at="2024-12-15T07:33:42Z" name="Testcase01_LoginErrorMessage" finished-at="2024-12-15T07:33:45Z" duration-ms="3319" status="PASS">
          <reporter-output>
          </reporter-output>
        </test-method> <!-- Testcase01_LoginErrorMessage -->
        <test-method is-config="true" signature="closeBrowser()[pri:0, instance:com.salesforce.tests.SalesforceLoginTest@12405818]" started-at="2024-12-15T07:33:45Z" name="closeBrowser" finished-at="2024-12-15T07:33:46Z" duration-ms="979" status="PASS">
          <reporter-output>
          </reporter-output>
        </test-method> <!-- closeBrowser -->
        <test-method is-config="true" signature="beforeMethod()[pri:0, instance:com.salesforce.tests.SalesforceLoginTest@12405818]" started-at="2024-12-15T07:33:46Z" name="beforeMethod" finished-at="2024-12-15T07:33:49Z" duration-ms="2274" status="PASS">
          <reporter-output>
          </reporter-output>
        </test-method> <!-- beforeMethod -->
        <test-method signature="Testcase03_CheckRememberMe()[pri:3, instance:com.salesforce.tests.SalesforceLoginTest@12405818]" started-at="2024-12-15T07:33:49Z" name="Testcase03_CheckRememberMe" finished-at="2024-12-15T07:33:59Z" duration-ms="9804" status="PASS">
          <reporter-output>
          </reporter-output>
        </test-method> <!-- Testcase03_CheckRememberMe -->
        <test-method is-config="true" signature="closeBrowser()[pri:0, instance:com.salesforce.tests.SalesforceLoginTest@12405818]" started-at="2024-12-15T07:33:59Z" name="closeBrowser" finished-at="2024-12-15T07:34:00Z" duration-ms="1318" status="PASS">
          <reporter-output>
          </reporter-output>
        </test-method> <!-- closeBrowser -->
        <test-method is-config="true" signature="beforeMethod()[pri:0, instance:com.salesforce.tests.SalesforceLoginTest@12405818]" started-at="2024-12-15T07:34:00Z" name="beforeMethod" finished-at="2024-12-15T07:34:02Z" duration-ms="2504" status="PASS">
          <reporter-output>
          </reporter-output>
        </test-method> <!-- beforeMethod -->
        <test-method signature="Testcase04_ForgotPassword()[pri:4, instance:com.salesforce.tests.SalesforceLoginTest@12405818]" started-at="2024-12-15T07:34:02Z" name="Testcase04_ForgotPassword" finished-at="2024-12-15T07:34:07Z" duration-ms="4786" status="PASS">
          <reporter-output>
          </reporter-output>
        </test-method> <!-- Testcase04_ForgotPassword -->
        <test-method is-config="true" signature="closeBrowser()[pri:0, instance:com.salesforce.tests.SalesforceLoginTest@12405818]" started-at="2024-12-15T07:34:07Z" name="closeBrowser" finished-at="2024-12-15T07:34:08Z" duration-ms="787" status="PASS">
          <reporter-output>
          </reporter-output>
        </test-method> <!-- closeBrowser -->
        <test-method is-config="true" signature="beforeMethod()[pri:0, instance:com.salesforce.tests.SalesforceLoginTest@12405818]" started-at="2024-12-15T07:34:08Z" name="beforeMethod" finished-at="2024-12-15T07:34:10Z" duration-ms="2305" status="PASS">
          <reporter-output>
          </reporter-output>
        </test-method> <!-- beforeMethod -->
        <test-method signature="Testcase05_ValidateLoginErrorMessage()[pri:5, instance:com.salesforce.tests.SalesforceLoginTest@12405818]" started-at="2024-12-15T07:34:10Z" name="Testcase05_ValidateLoginErrorMessage" finished-at="2024-12-15T07:34:14Z" duration-ms="3663" status="PASS">
          <reporter-output>
          </reporter-output>
        </test-method> <!-- Testcase05_ValidateLoginErrorMessage -->
        <test-method is-config="true" signature="closeBrowser()[pri:0, instance:com.salesforce.tests.SalesforceLoginTest@12405818]" started-at="2024-12-15T07:34:14Z" name="closeBrowser" finished-at="2024-12-15T07:34:15Z" duration-ms="1201" status="PASS">
          <reporter-output>
          </reporter-output>
        </test-method> <!-- closeBrowser -->
      </class> <!-- com.salesforce.tests.SalesforceLoginTest -->
      <class name="com.salesforce.tests.SalesforceUserMenuTest">
        <test-method is-config="true" signature="beforeMethod()[pri:0, instance:com.salesforce.tests.SalesforceUserMenuTest@314c508a]" started-at="2024-12-15T07:34:15Z" name="beforeMethod" finished-at="2024-12-15T07:34:15Z" duration-ms="0" status="FAIL">
          <exception class="java.lang.NullPointerException">
            <message>
              <![CDATA[Cannot invoke "com.salesforce.utilitypages.PropertyFileReader.getProperties(String)" because "this.properties" is null]]>
            </message>
            <full-stacktrace>
              <![CDATA[java.lang.NullPointerException: Cannot invoke "com.salesforce.utilitypages.PropertyFileReader.getProperties(String)" because "this.properties" is null
	at com.salesforce.basepages.BaseSalesforceTest.getBrowser(BaseSalesforceTest.java:39)
	at com.salesforce.tests.SalesforceUserMenuTest.beforeMethod(SalesforceUserMenuTest.java:35)
	at java.base/jdk.internal.reflect.NativeMethodAccessorImpl.invoke0(Native Method)
	at java.base/jdk.internal.reflect.NativeMethodAccessorImpl.invoke(NativeMethodAccessorImpl.java:77)
	at java.base/jdk.internal.reflect.DelegatingMethodAccessorImpl.invoke(DelegatingMethodAccessorImpl.java:43)
	at java.base/java.lang.reflect.Method.invoke(Method.java:568)
	at org.testng.internal.MethodInvocationHelper.invokeMethod(MethodInvocationHelper.java:85)
	at org.testng.internal.Invoker.invokeConfigurationMethod(Invoker.java:510)
	at org.testng.internal.Invoker.invokeConfigurations(Invoker.java:211)
	at org.testng.internal.Invoker.invokeMethod(Invoker.java:585)
	at org.testng.internal.Invoker.invokeTestMethod(Invoker.java:816)
	at org.testng.internal.Invoker.invokeTestMethods(Invoker.java:1124)
	at org.testng.internal.TestMethodWorker.invokeTestMethods(TestMethodWorker.java:125)
	at org.testng.internal.TestMethodWorker.run(TestMethodWorker.java:108)
	at org.testng.TestRunner.privateRun(TestRunner.java:774)
	at org.testng.TestRunner.run(TestRunner.java:624)
	at org.testng.SuiteRunner.runTest(SuiteRunner.java:359)
	at org.testng.SuiteRunner.runSequentially(SuiteRunner.java:354)
	at org.testng.SuiteRunner.privateRun(SuiteRunner.java:312)
	at org.testng.SuiteRunner.run(SuiteRunner.java:261)
	at org.testng.SuiteRunnerWorker.runSuite(SuiteRunnerWorker.java:52)
	at org.testng.SuiteRunnerWorker.run(SuiteRunnerWorker.java:86)
	at org.testng.TestNG.runSuitesSequentially(TestNG.java:1215)
	at org.testng.TestNG.runSuitesLocally(TestNG.java:1140)
	at org.testng.TestNG.run(TestNG.java:1048)
	at org.apache.maven.surefire.testng.TestNGExecutor.run(TestNGExecutor.java:155)
	at org.apache.maven.surefire.testng.TestNGDirectoryTestSuite.executeMulti(TestNGDirectoryTestSuite.java:169)
	at org.apache.maven.surefire.testng.TestNGDirectoryTestSuite.execute(TestNGDirectoryTestSuite.java:88)
	at org.apache.maven.surefire.testng.TestNGProvider.invoke(TestNGProvider.java:137)
	at org.apache.maven.surefire.booter.ForkedBooter.runSuitesInProcess(ForkedBooter.java:385)
	at org.apache.maven.surefire.booter.ForkedBooter.execute(ForkedBooter.java:162)
	at org.apache.maven.surefire.booter.ForkedBooter.run(ForkedBooter.java:507)
	at org.apache.maven.surefire.booter.ForkedBooter.main(ForkedBooter.java:495)
]]>
            </full-stacktrace>
          </exception> <!-- java.lang.NullPointerException -->
          <reporter-output>
          </reporter-output>
        </test-method> <!-- beforeMethod -->
        <test-method signature="TestCase05()[pri:0, instance:com.salesforce.tests.SalesforceUserMenuTest@314c508a]" started-at="2024-12-15T07:34:15Z" name="TestCase05" finished-at="2024-12-15T07:34:15Z" duration-ms="1" status="SKIP">
          <reporter-output>
          </reporter-output>
        </test-method> <!-- TestCase05 -->
        <test-method is-config="true" signature="closeBrowser()[pri:0, instance:com.salesforce.tests.SalesforceUserMenuTest@314c508a]" started-at="2024-12-15T07:34:15Z" name="closeBrowser" finished-at="2024-12-15T07:34:15Z" duration-ms="0" status="SKIP">
          <reporter-output>
          </reporter-output>
        </test-method> <!-- closeBrowser -->
      </class> <!-- com.salesforce.tests.SalesforceUserMenuTest -->
    </test> <!-- Surefire test -->
  </suite> <!-- Surefire suite -->
</testng-results>
