<?xml version="1.0" encoding="UTF-8"?>
<testsuite xmlns:xsi="http://www.w3.org/2001/XMLSchema-instance" xsi:noNamespaceSchemaLocation="https://maven.apache.org/surefire/maven-surefire-plugin/xsd/surefire-test-report-3.0.xsd" version="3.0" name="TestSuite" time="51.774" tests="8" errors="0" skipped="2" failures="1">
  <properties>
[...]
</properties>
  <testcase name="Testcase02_LoginToSalesforce" classname="com.salesforce.tests.SalesforceLoginTest" time="4.303">
    <system-out><![CDATA[https://login.salesforce.com/
chrome
https://login.salesforce.com/
chrome
[INFO ] 2024-12-15 07:33:28.205 [main] Log - Tests is starting!
https://login.salesforce.com/
chrome
C:\Eclipse\SalesforceTestNGFramework
C:\Eclipse\SalesforceTestNGFramework\ScreenshotFile\Screenshot2024-12-15 07-33-35.jpg
]]></system-out>
    <system-err><![CDATA[SLF4J(W): No SLF4J providers were found.
SLF4J(W): Defaulting to no-operation (NOP) logger implementation
SLF4J(W): See https://www.slf4j.org/codes.html#noProviders for further details.
Starting ChromeDriver 131.0.6778.108 (3b014839fbc4fb688b2f5af512d6ce312ad208b1-refs/branch-heads/6778@{#2393}) on port 63575
Only local connections are allowed.
Please see https://chromedriver.chromium.org/security-considerations for suggestions on keeping ChromeDriver safe.
ChromeDriver was started successfully on port 63575.
Dec 15, 2024 7:33:31 AM org.openqa.selenium.remote.ProtocolHandshake createSession
INFO: Detected dialect: W3C
]]></system-err>
  </testcase>
  <testcase name="Testcase01_LoginErrorMessage" classname="com.salesforce.tests.SalesforceLoginTest" time="3.321">
    <system-out><![CDATA[C:\Eclipse\SalesforceTestNGFramework
C:\Eclipse\SalesforceTestNGFramework\ScreenshotFile\Screenshot2024-12-15 07-33-39.jpg
[INFO ] 2024-12-15 07:33:39.854 [main] Log - Tests are ending!
https://login.salesforce.com/
chrome
https://login.salesforce.com/
chrome
[INFO ] 2024-12-15 07:33:40.469 [main] Log - Tests is starting!
https://login.salesforce.com/
chrome
Password Error Message:Please enter your password.
]]></system-out>
    <system-err><![CDATA[Starting ChromeDriver 131.0.6778.108 (3b014839fbc4fb688b2f5af512d6ce312ad208b1-refs/branch-heads/6778@{#2393}) on port 64055
Only local connections are allowed.
Please see https://chromedriver.chromium.org/security-considerations for suggestions on keeping ChromeDriver safe.
ChromeDriver was started successfully on port 64055.
Dec 15, 2024 7:33:41 AM org.openqa.selenium.remote.ProtocolHandshake createSession
INFO: Detected dialect: W3C
]]></system-err>
  </testcase>
  <testcase name="Testcase03_CheckRememberMe" classname="com.salesforce.tests.SalesforceLoginTest" time="9.804">
    <system-out><![CDATA[C:\Eclipse\SalesforceTestNGFramework
C:\Eclipse\SalesforceTestNGFramework\ScreenshotFile\Screenshot2024-12-15 07-33-46.jpg
[INFO ] 2024-12-15 07:33:46.510 [main] Log - Tests are ending!
https://login.salesforce.com/
chrome
https://login.salesforce.com/
chrome
[INFO ] 2024-12-15 07:33:47.023 [main] Log - Tests is starting!
https://login.salesforce.com/
chrome
Password Error Message:ponmani027@gmail.com
]]></system-out>
    <system-err><![CDATA[Starting ChromeDriver 131.0.6778.108 (3b014839fbc4fb688b2f5af512d6ce312ad208b1-refs/branch-heads/6778@{#2393}) on port 31090
Only local connections are allowed.
Please see https://chromedriver.chromium.org/security-considerations for suggestions on keeping ChromeDriver safe.
ChromeDriver was started successfully on port 31090.
Dec 15, 2024 7:33:48 AM org.openqa.selenium.remote.ProtocolHandshake createSession
INFO: Detected dialect: W3C
]]></system-err>
  </testcase>
  <testcase name="Testcase04_ForgotPassword" classname="com.salesforce.tests.SalesforceLoginTest" time="4.786">
    <system-out><![CDATA[C:\Eclipse\SalesforceTestNGFramework
C:\Eclipse\SalesforceTestNGFramework\ScreenshotFile\Screenshot2024-12-15 07-33-59.jpg
[INFO ] 2024-12-15 07:33:59.615 [main] Log - Tests are ending!
https://login.salesforce.com/
chrome
https://login.salesforce.com/
chrome
[INFO ] 2024-12-15 07:34:00.439 [main] Log - Tests is starting!
https://login.salesforce.com/
chrome
]]></system-out>
    <system-err><![CDATA[Starting ChromeDriver 131.0.6778.108 (3b014839fbc4fb688b2f5af512d6ce312ad208b1-refs/branch-heads/6778@{#2393}) on port 9317
Only local connections are allowed.
Please see https://chromedriver.chromium.org/security-considerations for suggestions on keeping ChromeDriver safe.
ChromeDriver was started successfully on port 9317.
Dec 15, 2024 7:34:01 AM org.openqa.selenium.remote.ProtocolHandshake createSession
INFO: Detected dialect: W3C
]]></system-err>
  </testcase>
  <testcase name="Testcase05_ValidateLoginErrorMessage" classname="com.salesforce.tests.SalesforceLoginTest" time="3.664">
    <system-out><![CDATA[C:\Eclipse\SalesforceTestNGFramework
C:\Eclipse\SalesforceTestNGFramework\ScreenshotFile\Screenshot2024-12-15 07-34-07.jpg
[INFO ] 2024-12-15 07:34:07.993 [main] Log - Tests are ending!
https://login.salesforce.com/
chrome
https://login.salesforce.com/
chrome
[INFO ] 2024-12-15 07:34:08.499 [main] Log - Tests is starting!
https://login.salesforce.com/
chrome
Login Error Message:Please check your username and password. If you still can't log in, contact your Salesforce administrator.
]]></system-out>
    <system-err><![CDATA[Starting ChromeDriver 131.0.6778.108 (3b014839fbc4fb688b2f5af512d6ce312ad208b1-refs/branch-heads/6778@{#2393}) on port 25813
Only local connections are allowed.
Please see https://chromedriver.chromium.org/security-considerations for suggestions on keeping ChromeDriver safe.
ChromeDriver was started successfully on port 25813.
Dec 15, 2024 7:34:09 AM org.openqa.selenium.remote.ProtocolHandshake createSession
INFO: Detected dialect: W3C
]]></system-err>
  </testcase>
  <testcase name="beforeMethod" classname="com.salesforce.tests.SalesforceUserMenuTest" time="4.889">
    <failure message="Cannot invoke &quot;com.salesforce.utilitypages.PropertyFileReader.getProperties(String)&quot; because &quot;this.properties&quot; is null" type="java.lang.NullPointerException"><![CDATA[java.lang.NullPointerException: Cannot invoke "com.salesforce.utilitypages.PropertyFileReader.getProperties(String)" because "this.properties" is null
	at com.salesforce.basepages.BaseSalesforceTest.getBrowser(BaseSalesforceTest.java:39)
	at com.salesforce.tests.SalesforceUserMenuTest.beforeMethod(SalesforceUserMenuTest.java:35)
	at java.base/jdk.internal.reflect.NativeMethodAccessorImpl.invoke0(Native Method)
	at java.base/jdk.internal.reflect.NativeMethodAccessorImpl.invoke(NativeMethodAccessorImpl.java:77)
	at java.base/jdk.internal.reflect.DelegatingMethodAccessorImpl.invoke(DelegatingMethodAccessorImpl.java:43)
	at java.base/java.lang.reflect.Method.invoke(Method.java:568)
	at org.testng.internal.MethodInvocationHelper.invokeMethod(MethodInvocationHelper.java:85)
	at org.testng.internal.Invoker.invokeConfigurationMethod(Invoker.java:510)
	at org.testng.internal.Invoker.invokeConfigurations(Invoker.java:211)
	at org.testng.internal.Invoker.invokeMethod(Invoker.java:585)
	at org.testng.internal.Invoker.invokeTestMethod(Invoker.java:816)
	at org.testng.internal.Invoker.invokeTestMethods(Invoker.java:1124)
	at org.testng.internal.TestMethodWorker.invokeTestMethods(TestMethodWorker.java:125)
	at org.testng.internal.TestMethodWorker.run(TestMethodWorker.java:108)
	at org.testng.TestRunner.privateRun(TestRunner.java:774)
	at org.testng.TestRunner.run(TestRunner.java:624)
	at org.testng.SuiteRunner.runTest(SuiteRunner.java:359)
	at org.testng.SuiteRunner.runSequentially(SuiteRunner.java:354)
	at org.testng.SuiteRunner.privateRun(SuiteRunner.java:312)
	at org.testng.SuiteRunner.run(SuiteRunner.java:261)
	at org.testng.SuiteRunnerWorker.runSuite(SuiteRunnerWorker.java:52)
	at org.testng.SuiteRunnerWorker.run(SuiteRunnerWorker.java:86)
	at org.testng.TestNG.runSuitesSequentially(TestNG.java:1215)
	at org.testng.TestNG.runSuitesLocally(TestNG.java:1140)
	at org.testng.TestNG.run(TestNG.java:1048)
	at org.apache.maven.surefire.testng.TestNGExecutor.run(TestNGExecutor.java:155)
	at org.apache.maven.surefire.testng.TestNGDirectoryTestSuite.executeMulti(TestNGDirectoryTestSuite.java:169)
	at org.apache.maven.surefire.testng.TestNGDirectoryTestSuite.execute(TestNGDirectoryTestSuite.java:88)
	at org.apache.maven.surefire.testng.TestNGProvider.invoke(TestNGProvider.java:137)
	at org.apache.maven.surefire.booter.ForkedBooter.runSuitesInProcess(ForkedBooter.java:385)
	at org.apache.maven.surefire.booter.ForkedBooter.execute(ForkedBooter.java:162)
	at org.apache.maven.surefire.booter.ForkedBooter.run(ForkedBooter.java:507)
	at org.apache.maven.surefire.booter.ForkedBooter.main(ForkedBooter.java:495)
]]></failure>
    <system-out><![CDATA[C:\Eclipse\SalesforceTestNGFramework
C:\Eclipse\SalesforceTestNGFramework\ScreenshotFile\Screenshot2024-12-15 07-34-15.jpg
[INFO ] 2024-12-15 07:34:15.122 [main] Log - Tests are ending!
https://login.salesforce.com/
chrome
]]></system-out>
  </testcase>
  <testcase name="TestCase05" classname="com.salesforce.tests.SalesforceUserMenuTest" time="0.0">
    <skipped/>
  </testcase>
  <testcase name="closeBrowser" classname="com.salesforce.tests.SalesforceUserMenuTest" time="0.0">
    <skipped/>
  </testcase>
</testsuite>